bjeomsMobile/proguard/seeds.txt
org.apache.tools.ant.taskdefs.optional.XMLValidateTask$Property
org.apache.tools.ant.taskdefs.optional.XMLValidateTask$Property: java.lang.String name
org.apache.tools.ant.taskdefs.optional.XMLValidateTask$Property: java.lang.String value
org.apache.tools.ant.taskdefs.optional.XMLValidateTask$Property: XMLValidateTask$Property()
org.apache.tools.ant.taskdefs.optional.XMLValidateTask$Property: java.lang.String getName()
org.apache.tools.ant.taskdefs.optional.XMLValidateTask$Property: void setName(java.lang.String)
org.apache.tools.ant.taskdefs.optional.XMLValidateTask$Property: java.lang.String getValue()
org.apache.tools.ant.taskdefs.optional.XMLValidateTask$Property: void setValue(java.lang.String)
org.apache.tools.ant.taskdefs.optional.XMLValidateTask$ValidatorErrorHandler
org.apache.tools.ant.taskdefs.optional.XMLValidateTask$ValidatorErrorHandler: java.io.File currentFile
org.apache.tools.ant.taskdefs.optional.XMLValidateTask$ValidatorErrorHandler: java.lang.String lastErrorMessage
org.apache.tools.ant.taskdefs.optional.XMLValidateTask$ValidatorErrorHandler: boolean failed
org.apache.tools.ant.taskdefs.optional.XMLValidateTask$ValidatorErrorHandler: org.apache.tools.ant.taskdefs.optional.XMLValidateTask this$0
org.apache.tools.ant.taskdefs.optional.XMLValidateTask$ValidatorErrorHandler: XMLValidateTask$ValidatorErrorHandler(org.apache.tools.ant.taskdefs.optional.XMLValidateTask)
org.apache.tools.ant.taskdefs.optional.XMLValidateTask$ValidatorErrorHandler: void init(java.io.File)
org.apache.tools.ant.taskdefs.optional.XMLValidateTask$ValidatorErrorHandler: boolean getFailure()
org.apache.tools.ant.taskdefs.optional.XMLValidateTask$ValidatorErrorHandler: void fatalError(org.xml.sax.SAXParseException)
org.apache.tools.ant.taskdefs.optional.XMLValidateTask$ValidatorErrorHandler: void error(org.xml.sax.SAXParseException)
org.apache.tools.ant.taskdefs.optional.XMLValidateTask$ValidatorErrorHandler: void warning(org.xml.sax.SAXParseException)
org.apache.tools.ant.taskdefs.optional.XMLValidateTask$ValidatorErrorHandler: void doLog(org.xml.sax.SAXParseException,int)
org.apache.tools.ant.taskdefs.optional.XSLTTraceSupport
org.apache.tools.ant.taskdefs.optional.XSLTTraceSupport: void configureTrace(javax.xml.transform.Transformer,org.apache.tools.ant.taskdefs.XSLTProcess$TraceConfiguration)
org.apache.tools.ant.taskdefs.optional.ccm.CCMCheck
org.apache.tools.ant.taskdefs.optional.ccm.CCMCheck: java.io.File file
org.apache.tools.ant.taskdefs.optional.ccm.CCMCheck: java.lang.String comment
org.apache.tools.ant.taskdefs.optional.ccm.CCMCheck: java.lang.String task
org.apache.tools.ant.taskdefs.optional.ccm.CCMCheck: java.util.Vector filesets
org.apache.tools.ant.taskdefs.optional.ccm.CCMCheck: java.lang.String FLAG_COMMENT
org.apache.tools.ant.taskdefs.optional.ccm.CCMCheck: java.lang.String FLAG_TASK
org.apache.tools.ant.taskdefs.optional.ccm.CCMCheck: CCMCheck()
org.apache.tools.ant.taskdefs.optional.ccm.CCMCheck: java.io.File getFile()
org.apache.tools.ant.taskdefs.optional.ccm.CCMCheck: void setFile(java.io.File)
org.apache.tools.ant.taskdefs.optional.ccm.CCMCheck: java.lang.String getComment()
org.apache.tools.ant.taskdefs.optional.ccm.CCMCheck: void setComment(java.lang.String)
org.apache.tools.ant.taskdefs.optional.ccm.CCMCheck: java.lang.String getTask()
org.apache.tools.ant.taskdefs.optional.ccm.CCMCheck: void setTask(java.lang.String)
org.apache.tools.ant.taskdefs.optional.ccm.CCMCheck: void addFileset(org.apache.tools.ant.types.FileSet)
org.apache.tools.ant.taskdefs.optional.ccm.CCMCheck: void execute()
org.apache.tools.ant.taskdefs.optional.ccm.CCMCheck: void doit()
org.apache.tools.ant.taskdefs.optional.ccm.CCMCheck: void checkOptions(org.apache.tools.ant.types.Commandline)
org.apache.tools.ant.taskdefs.optional.ccm.CCMCheckin
org.apache.tools.ant.taskdefs.optional.ccm.CCMCheckin: CCMCheckin()