bjeomsMobile/proguard/mapping.txt
daiwei.mobile.view.Friends$11 -> daiwei.mobile.view.Friends$11:
    daiwei.mobile.view.Friends this$0 -> a
    int val$item -> b
    void onItemClick(android.widget.AdapterView,android.view.View,int,long) -> onItemClick
daiwei.mobile.view.Friends$12 -> daiwei.mobile.view.Friends$12:
    daiwei.mobile.view.Friends this$0 -> a
    int val$item -> b
    void onScrollStateChanged(android.widget.AbsListView,int) -> onScrollStateChanged
    void onScroll(android.widget.AbsListView,int,int,int) -> onScroll
daiwei.mobile.view.Friends$13 -> daiwei.mobile.view.Friends$13:
    daiwei.mobile.view.Friends this$0 -> a
    int val$item -> b
    void onItemClick(android.widget.AdapterView,android.view.View,int,long) -> onItemClick
daiwei.mobile.view.Friends$14 -> daiwei.mobile.view.Friends$14:
    daiwei.mobile.view.Friends this$0 -> a
    int val$item -> b
    void onScrollStateChanged(android.widget.AbsListView,int) -> onScrollStateChanged
    void onScroll(android.widget.AbsListView,int,int,int) -> onScroll
daiwei.mobile.view.Friends$15 -> daiwei.mobile.view.Friends$15:
    daiwei.mobile.view.Friends this$0 -> a
    void onClick(android.view.View) -> onClick
daiwei.mobile.view.Friends$16 -> daiwei.mobile.view.Friends$16:
    daiwei.mobile.view.Friends this$0 -> a
    java.util.ArrayList val$list -> b
    void run() -> run
daiwei.mobile.view.Friends$17 -> daiwei.mobile.view.Friends$17:
    daiwei.mobile.view.Friends this$0 -> a
    java.util.ArrayList val$list -> b
    void run() -> run
daiwei.mobile.view.Friends$18 -> daiwei.mobile.view.Friends$18:
    daiwei.mobile.view.Friends this$0 -> a
    int val$isW -> b
    void onPreExecute() -> onPreExecute
    java.util.List doInBackground(java.lang.Void[]) -> a
    void onPostExecute(java.util.List) -> a
    void onPostExecute(java.lang.Object) -> onPostExecute
    java.lang.Object doInBackground(java.lang.Object[]) -> doInBackground
daiwei.mobile.view.Friends$2 -> daiwei.mobile.view.Friends$2:
    daiwei.mobile.view.Friends this$0 -> a
    boolean onTouch(android.view.View,android.view.MotionEvent) -> onTouch
daiwei.mobile.view.Friends$3 -> daiwei.mobile.view.Friends$3:
    daiwei.mobile.view.Friends this$0 -> a
    void onClick(android.view.View) -> onClick
daiwei.mobile.view.Friends$4 -> daiwei.mobile.view.Friends$4:
    daiwei.mobile.view.Friends this$0 -> a
    void onClick(android.view.View) -> onClick
daiwei.mobile.view.Friends$5 -> daiwei.mobile.view.Friends$5:
    daiwei.mobile.view.Friends this$0 -> a
    java.lang.String val$type -> b
    void onClick(android.view.View) -> onClick
daiwei.mobile.view.Friends$6 -> daiwei.mobile.view.Friends$6:
    daiwei.mobile.view.Friends this$0 -> a
    void onItemClick(android.widget.AdapterView,android.view.View,int,long) -> onItemClick
daiwei.mobile.view.Friends$7 -> daiwei.mobile.view.Friends$7:
    daiwei.mobile.view.Friends this$0 -> a
    int val$item -> b
    void onScrollStateChanged(android.widget.AbsListView,int) -> onScrollStateChanged
    void onScroll(android.widget.AbsListView,int,int,int) -> onScroll
daiwei.mobile.view.Friends$8 -> daiwei.mobile.view.Friends$8:
    daiwei.mobile.view.Friends this$0 -> a
    void onItemClick(android.widget.AdapterView,android.view.View,int,long) -> onItemClick
daiwei.mobile.view.Friends$9 -> daiwei.mobile.view.Friends$9:
    daiwei.mobile.view.Friends this$0 -> a
    int val$item -> b
    void onScrollStateChanged(android.widget.AbsListView,int) -> onScrollStateChanged
    void onScroll(android.widget.AbsListView,int,int,int) -> onScroll