bjeomsMobile/proguard/usage.txt
com.amap.api.location.core.CoordinateConvert
com.amap.api.location.core.GeoPoint:
    80:84:public GeoPoint(int,int)
    86:90:public GeoPoint(long,long)
    168:168:public int getLongitudeE6()
    173:173:public int getLatitudeE6()
com.amap.api.location.core.b:
    16:16:public b()
com.amap.api.location.core.c:
    8:8:public c()
com.amap.api.location.core.e:
    17:17:public e()
com.amap.api.location.core.f:
    47:47:public f()
    275:292:public static boolean b(android.content.Context)
    301:310:public static com.amap.api.location.AMapLocation c(android.content.Context)
com.amap.api.location.core.h:
    18:18:public h()
com.amap.api.maps.AMap:
    public static final int MAP_TYPE_NORMAL
    public static final int MAP_TYPE_SATELLITE
    private com.amap.api.maps.Projection c
    223:225:public final com.amap.api.maps.model.CameraPosition getCameraPosition()
    237:237:public final float getMaxZoomLevel()
    249:249:public final float getMinZoomLevel()
    264:269:public final void moveCamera(com.amap.api.maps.CameraUpdate)
    273:278:public final void animateCamera(com.amap.api.maps.CameraUpdate)
    283:290:public final void animateCamera(com.amap.api.maps.CameraUpdate,com.amap.api.maps.AMap$CancelableCallback)
    295:303:public final void animateCamera(com.amap.api.maps.CameraUpdate,long,com.amap.api.maps.AMap$CancelableCallback)
    307:311:public final void stopAnimation()
    338:340:public final com.amap.api.maps.model.Circle addCircle(com.amap.api.maps.model.CircleOptions)
    354:356:public final com.amap.api.maps.model.Polygon addPolygon(com.amap.api.maps.model.PolygonOptions)
    408:412:public final void clear()
    422:424:public final int getMapType()
    438:442:public final void setMapType(int)
    452:454:public final boolean isTrafficEnabled()
    467:471:public void setTrafficEnabled(boolean)
    496:498:public final boolean isMyLocationEnabled()
    530:532:public final android.location.Location getMyLocation()
    578:584:public final com.amap.api.maps.Projection getProjection()
com.amap.api.maps.AMapNativeRenderer:
    10:10:public AMapNativeRenderer()
com.amap.api.maps.AMapOptions:
    public static final int LOGO_POSITION_BOTTOM_LEFT
    public static final int LOGO_POSITION_BOTTOM_CENTER
    public static final int LOGO_POSITION_BOTTOM_RIGHT
    37:38:public com.amap.api.maps.AMapOptions logoPosition(int)
    163:163:public int getLogoPosition()
    186:186:public int getMapType()
com.amap.api.maps.AMapUtils
com.amap.api.maps.CameraUpdate
com.amap.api.maps.CameraUpdateFactory
com.amap.api.maps.MapFragment
com.amap.api.maps.MapsInitializer:
    8:8:public MapsInitializer()
    10:11:public static void initialize(android.content.Context)
com.amap.api.maps.Projection
com.amap.api.maps.SupportMapFragment
com.amap.api.maps.UiSettings:
    21:25:public void setScaleControlsEnabled(boolean)
    44:48:public void setCompassEnabled(boolean)
    59:63:public void setMyLocationButtonEnabled(boolean)
    75:79:public void setScrollGesturesEnabled(boolean)
    92:96:public void setZoomGesturesEnabled(boolean)
    109:113:public void setTiltGesturesEnabled(boolean)
    126:130:public void setRotateGesturesEnabled(boolean)
    142:146:public void setAllGesturesEnabled(boolean)
    150:154:public void setLogoPosition(int)
    158:160:public boolean isScaleControlsEnabled()
    172:174:public boolean isZoomControlsEnabled()
    180:182:public boolean isCompassEnabled()
    194:196:public boolean isMyLocationButtonEnabled()
    208:210:public boolean isScrollGesturesEnabled()
    222:224:public boolean isZoomGesturesEnabled()
    236:238:public boolean isTiltGesturesEnabled()
    250:252:public boolean isRotateGesturesEnabled()
    258:260:public int getLogoPosition()
com.amap.api.maps.model.BitmapDescriptor:
    35:40:protected void destory()
com.amap.api.maps.model.BitmapDescriptorCreator